<?xml version="1.0" encoding="UTF-8"?>
<testng-results skipped="1" failed="0" total="1" passed="0">
  <reporter-output>
  </reporter-output>
  <suite name="Default suite" duration-ms="98" started-at="2017-05-25T09:01:36Z" finished-at="2017-05-25T09:01:36Z">
    <groups>
    </groups>
    <test name="Default test" duration-ms="98" started-at="2017-05-25T09:01:36Z" finished-at="2017-05-25T09:01:36Z">
      <class name="Parent.Parent.AppiumTest">
        <test-method status="FAIL" signature="setUp()[pri:0, instance:Parent.Parent.AppiumTest@78c03f1f]" name="setUp" is-config="true" duration-ms="0" started-at="2017-05-25T14:31:36Z" finished-at="2017-05-25T14:31:36Z">
          <exception class="io.appium.java_client.service.local.InvalidNodeJSInstance">
            <message>
              <![CDATA[Node.js is not installed!]]>
            </message>
            <full-stacktrace>
              <![CDATA[io.appium.java_client.service.local.InvalidNodeJSInstance: Node.js is not installed!
	at io.appium.java_client.service.local.AppiumServiceBuilder.findDefaultExecutable(AppiumServiceBuilder.java:201)
	at org.openqa.selenium.remote.service.DriverService$Builder.build(DriverService.java:296)
	at io.appium.java_client.service.local.AppiumDriverLocalService.buildService(AppiumDriverLocalService.java:74)
	at io.appium.java_client.service.local.AppiumDriverLocalService.buildDefaultService(AppiumDriverLocalService.java:70)
	at Parent.Parent.AppiumTest.startAppiumServer(AppiumTest.java:31)
	at Parent.Parent.AppiumTest.setUp(AppiumTest.java:61)
	at sun.reflect.NativeMethodAccessorImpl.invoke0(Native Method)
	at sun.reflect.NativeMethodAccessorImpl.invoke(NativeMethodAccessorImpl.java:62)
	at sun.reflect.DelegatingMethodAccessorImpl.invoke(DelegatingMethodAccessorImpl.java:43)
	at java.lang.reflect.Method.invoke(Method.java:498)
	at org.testng.internal.MethodInvocationHelper.invokeMethod(MethodInvocationHelper.java:100)
	at org.testng.internal.Invoker.invokeConfigurationMethod(Invoker.java:515)
	at org.testng.internal.Invoker.invokeConfigurations(Invoker.java:216)
	at org.testng.internal.Invoker.invokeConfigurations(Invoker.java:143)
	at org.testng.internal.TestMethodWorker.invokeBeforeClassMethods(TestMethodWorker.java:169)
	at org.testng.internal.TestMethodWorker.run(TestMethodWorker.java:108)
	at org.testng.TestRunner.privateRun(TestRunner.java:746)
	at org.testng.TestRunner.run(TestRunner.java:600)
	at org.testng.SuiteRunner.runTest(SuiteRunner.java:366)
	at org.testng.SuiteRunner.runSequentially(SuiteRunner.java:361)
	at org.testng.SuiteRunner.privateRun(SuiteRunner.java:319)
	at org.testng.SuiteRunner.run(SuiteRunner.java:268)
	at org.testng.SuiteRunnerWorker.runSuite(SuiteRunnerWorker.java:52)
	at org.testng.SuiteRunnerWorker.run(SuiteRunnerWorker.java:86)
	at org.testng.TestNG.runSuitesSequentially(TestNG.java:1264)
	at org.testng.TestNG.runSuitesLocally(TestNG.java:1189)
	at org.testng.TestNG.runSuites(TestNG.java:1104)
	at org.testng.TestNG.run(TestNG.java:1076)
	at org.testng.remote.AbstractRemoteTestNG.run(AbstractRemoteTestNG.java:126)
	at org.testng.remote.RemoteTestNG.initAndRun(RemoteTestNG.java:152)
	at org.testng.remote.RemoteTestNG.main(RemoteTestNG.java:57)
Caused by: java.lang.NullPointerException: Unable to find executable for: node.exe
	at com.google.common.base.Preconditions.checkNotNull(Preconditions.java:811)
	at org.openqa.selenium.os.UnixProcess.<init>(UnixProcess.java:62)
	at org.openqa.selenium.os.CommandLine.<init>(CommandLine.java:38)
	at io.appium.java_client.service.local.AppiumServiceBuilder.findDefaultExecutable(AppiumServiceBuilder.java:195)
	... 30 more
]]>
            </full-stacktrace>
          </exception> <!-- io.appium.java_client.service.local.InvalidNodeJSInstance -->
          <reporter-output>
          </reporter-output>
        </test-method> <!-- setUp -->
        <test-method status="SKIP" signature="testApp()[pri:0, instance:Parent.Parent.AppiumTest@78c03f1f]" name="testApp" duration-ms="2" started-at="2017-05-25T14:31:36Z" finished-at="2017-05-25T14:31:36Z">
          <reporter-output>
          </reporter-output>
        </test-method> <!-- testApp -->
      </class> <!-- Parent.Parent.AppiumTest -->
    </test> <!-- Default test -->
  </suite> <!-- Default suite -->
</testng-results>
